Episode 0	done at step:    26	withAverage reward: 10.85
Solved! Running reward is now 475.8807894133389 and the 96 episode runs to 499 steps!
Solved! Running reward is now 477.08674994267193 and the 97 episode runs to 499 steps!
Solved! Running reward is now 478.23241244553833 and the 98 episode runs to 499 steps!
Solved! Running reward is now 479.3207918232614 and the 99 episode runs to 499 steps!
Episode 100	done at step:   499	withAverage reward: 480.35
Solved! Running reward is now 480.3547522320983 and the 100 episode runs to 499 steps!
Solved! Running reward is now 481.33701462049333 and the 101 episode runs to 499 steps!
Solved! Running reward is now 482.2701638894686 and the 102 episode runs to 499 steps!
Solved! Running reward is now 483.15665569499515 and the 103 episode runs to 499 steps!
Solved! Running reward is now 483.9988229102454 and the 104 episode runs to 499 steps!
Solved! Running reward is now 484.7988817647331 and the 105 episode runs to 499 steps!
Solved! Running reward is now 485.55893767649644 and the 106 episode runs to 499 steps!
Solved! Running reward is now 486.2809907926716 and the 107 episode runs to 499 steps!
Solved! Running reward is now 486.966941253038 and the 108 episode runs to 499 steps!
Solved! Running reward is now 487.6185941903861 and the 109 episode runs to 499 steps!
Solved! Running reward is now 488.2376644808668 and the 110 episode runs to 499 steps!
Solved! Running reward is now 488.8257812568234 and the 111 episode runs to 499 steps!
Solved! Running reward is now 489.3844921939822 and the 112 episode runs to 499 steps!
Solved! Running reward is now 489.9152675842831 and the 113 episode runs to 499 steps!
Solved! Running reward is now 490.4195042050689 and the 114 episode runs to 499 steps!
Solved! Running reward is now 490.8985289948154 and the 115 episode runs to 499 steps!
Solved! Running reward is now 491.35360254507464 and the 116 episode runs to 499 steps!
Solved! Running reward is now 491.78592241782087 and the 117 episode runs to 499 steps!
Solved! Running reward is now 492.1966262969298 and the 118 episode runs to 499 steps!
Solved! Running reward is now 492.5867949820833 and the 119 episode runs to 499 steps!
Solved! Running reward is now 492.9574552329791 and the 120 episode runs to 499 steps!
Solved! Running reward is now 493.30958247133015 and the 121 episode runs to 499 steps!
Solved! Running reward is now 493.64410334776363 and the 122 episode runs to 499 steps!
Solved! Running reward is now 493.96189818037544 and the 123 episode runs to 499 steps!
Solved! Running reward is now 494.26380327135666 and the 124 episode runs to 499 steps!
Solved! Running reward is now 493.40061310778884 and the 125 episode runs to 476 steps!
Solved! Running reward is now 493.7305824523994 and the 126 episode runs to 499 steps!
Solved! Running reward is now 494.0440533297794 and the 127 episode runs to 499 steps!
Solved! Running reward is now 494.3418506632904 and the 128 episode runs to 499 steps!
Solved! Running reward is now 494.2247581301259 and the 129 episode runs to 491 steps!
Solved! Running reward is now 494.5135202236196 and the 130 episode runs to 499 steps!
Solved! Running reward is now 494.7878442124386 and the 131 episode runs to 499 steps!
Solved! Running reward is now 495.04845200181666 and the 132 episode runs to 499 steps!
Solved! Running reward is now 495.2960294017258 and the 133 episode runs to 499 steps!
Solved! Running reward is now 495.5312279316395 and the 134 episode runs to 499 steps!
Solved! Running reward is now 495.7546665350575 and the 135 episode runs to 499 steps!
Solved! Running reward is now 495.96693320830457 and the 136 episode runs to 499 steps!
Solved! Running reward is now 496.16858654788933 and the 137 episode runs to 499 steps!
Solved! Running reward is now 496.36015722049484 and the 138 episode runs to 499 steps!
Solved! Running reward is now 496.5421493594701 and the 139 episode runs to 499 steps!
Solved! Running reward is now 496.7150418914966 and the 140 episode runs to 499 steps!
Solved! Running reward is now 496.87928979692174 and the 141 episode runs to 499 steps!
Solved! Running reward is now 497.03532530707565 and the 142 episode runs to 499 steps!
Solved! Running reward is now 497.1835590417218 and the 143 episode runs to 499 steps!
Solved! Running reward is now 497.3243810896357 and the 144 episode runs to 499 steps!
Solved! Running reward is now 497.4581620351539 and the 145 episode runs to 499 steps!
Solved! Running reward is now 497.5852539333962 and the 146 episode runs to 499 steps!
Solved! Running reward is now 497.70599123672633 and the 147 episode runs to 499 steps!
Solved! Running reward is now 497.82069167489 and the 148 episode runs to 499 steps!
Solved! Running reward is now 497.9296570911455 and the 149 episode runs to 499 steps!
Solved! Running reward is now 498.0331742365882 and the 150 episode runs to 499 steps!
Solved! Running reward is now 498.13151552475875 and the 151 episode runs to 499 steps!
Solved! Running reward is now 498.2249397485208 and the 152 episode runs to 499 steps!
Solved! Running reward is now 498.3136927610947 and the 153 episode runs to 499 steps!
Solved! Running reward is now 498.39800812304 and the 154 episode runs to 499 steps!
Solved! Running reward is now 498.47810771688796 and the 155 episode runs to 499 steps!
Solved! Running reward is now 498.55420233104354 and the 156 episode runs to 499 steps!
Solved! Running reward is now 498.62649221449135 and the 157 episode runs to 499 steps!
Solved! Running reward is now 498.6951676037668 and the 158 episode runs to 499 steps!
Solved! Running reward is now 498.7604092235784 and the 159 episode runs to 499 steps!
Solved! Running reward is now 498.82238876239944 and the 160 episode runs to 499 steps!
Solved! Running reward is now 498.88126932427946 and the 161 episode runs to 499 steps!
Solved! Running reward is now 498.93720585806545 and the 162 episode runs to 499 steps!
Solved! Running reward is now 498.99034556516216 and the 163 episode runs to 499 steps!
Solved! Running reward is now 499.040828286904 and the 164 episode runs to 499 steps!
Solved! Running reward is now 499.0887868725588 and the 165 episode runs to 499 steps!
Solved! Running reward is now 499.13434752893085 and the 166 episode runs to 499 steps!
Solved! Running reward is now 499.17763015248426 and the 167 episode runs to 499 steps!
Solved! Running reward is now 498.01874864486 and the 168 episode runs to 475 steps!
Solved! Running reward is now 498.11781121261697 and the 169 episode runs to 499 steps!
Solved! Running reward is now 486.41192065198607 and the 170 episode runs to 263 steps!
Solved! Running reward is now 487.09132461938674 and the 171 episode runs to 499 steps!
Solved! Running reward is now 476.2210502469722 and the 198 episode runs to 499 steps!
Solved! Running reward is now 477.4099977346236 and the 199 episode runs to 499 steps!
Episode 200	done at step:   499	withAverage reward: 478.54
Solved! Running reward is now 478.5394978478924 and the 200 episode runs to 499 steps!
Solved! Running reward is now 479.61252295549775 and the 201 episode runs to 499 steps!
Solved! Running reward is now 480.63189680772285 and the 202 episode runs to 499 steps!
Solved! Running reward is now 481.6003019673367 and the 203 episode runs to 499 steps!
Solved! Running reward is now 482.52028686896983 and the 204 episode runs to 499 steps!
Solved! Running reward is now 483.39427252552133 and the 205 episode runs to 499 steps!
Solved! Running reward is now 484.22455889924527 and the 206 episode runs to 499 steps!
Solved! Running reward is now 485.013330954283 and the 207 episode runs to 499 steps!
Solved! Running reward is now 485.76266440656883 and the 208 episode runs to 499 steps!
Solved! Running reward is now 486.47453118624037 and the 209 episode runs to 499 steps!
Solved! Running reward is now 487.15080462692833 and the 210 episode runs to 499 steps!
Solved! Running reward is now 487.7932643955819 and the 211 episode runs to 499 steps!
Solved! Running reward is now 488.4036011758028 and the 212 episode runs to 499 steps!
Solved! Running reward is now 488.98342111701265 and the 213 episode runs to 499 steps!
Solved! Running reward is now 489.534250061162 and the 214 episode runs to 499 steps!
Solved! Running reward is now 490.0575375581039 and the 215 episode runs to 499 steps!
Solved! Running reward is now 490.55466068019865 and the 216 episode runs to 499 steps!
Solved! Running reward is now 491.0269276461887 and the 217 episode runs to 499 steps!
Solved! Running reward is now 491.47558126387923 and the 218 episode runs to 499 steps!
Solved! Running reward is now 491.90180220068527 and the 219 episode runs to 499 steps!
Solved! Running reward is now 492.306712090651 and the 220 episode runs to 499 steps!
Solved! Running reward is now 492.69137648611843 and the 221 episode runs to 499 steps!
Solved! Running reward is now 493.0568076618125 and the 222 episode runs to 499 steps!
Solved! Running reward is now 493.4039672787219 and the 223 episode runs to 499 steps!
Solved! Running reward is now 493.7337689147858 and the 224 episode runs to 499 steps!
Solved! Running reward is now 494.0470804690465 and the 225 episode runs to 499 steps!
Solved! Running reward is now 494.3447264455941 and the 226 episode runs to 499 steps!
Solved! Running reward is now 494.6274901233144 and the 227 episode runs to 499 steps!
Solved! Running reward is now 494.8961156171486 and the 228 episode runs to 499 steps!
Solved! Running reward is now 495.15130983629115 and the 229 episode runs to 499 steps!
Solved! Running reward is now 495.39374434447654 and the 230 episode runs to 499 steps!
Solved! Running reward is now 495.6240571272527 and the 231 episode runs to 499 steps!
Solved! Running reward is now 495.84285427089003 and the 232 episode runs to 499 steps!
Solved! Running reward is now 492.1507115573455 and the 233 episode runs to 421 steps!
Solved! Running reward is now 492.54317597947824 and the 234 episode runs to 499 steps!
Solved! Running reward is now 492.9160171805043 and the 235 episode runs to 499 steps!
Solved! Running reward is now 493.27021632147904 and the 236 episode runs to 499 steps!
Solved! Running reward is now 477.756705505405 and the 237 episode runs to 182 steps!
Solved! Running reward is now 478.86887023013475 and the 238 episode runs to 499 steps!
Solved! Running reward is now 479.925426718628 and the 239 episode runs to 499 steps!
Solved! Running reward is now 480.9291553826966 and the 240 episode runs to 499 steps!
Episode 300	done at step:    13	withAverage reward: 66.67
Episode 400	done at step:     9	withAverage reward: 10.70
Episode 500	done at step:    55	withAverage reward: 28.81
Episode 600	done at step:   474	withAverage reward: 418.89
Solved! Running reward is now 475.8547374034584 and the 628 episode runs to 499 steps!
Solved! Running reward is now 477.06200053328547 and the 629 episode runs to 499 steps!
Solved! Running reward is now 478.20890050662115 and the 630 episode runs to 499 steps!
Solved! Running reward is now 479.2984554812901 and the 631 episode runs to 499 steps!
Solved! Running reward is now 480.3335327072256 and the 632 episode runs to 499 steps!
Solved! Running reward is now 481.31685607186427 and the 633 episode runs to 499 steps!
Solved! Running reward is now 482.25101326827104 and the 634 episode runs to 499 steps!
Solved! Running reward is now 483.13846260485747 and the 635 episode runs to 499 steps!
Solved! Running reward is now 483.9815394746146 and the 636 episode runs to 499 steps!
Solved! Running reward is now 484.7824625008838 and the 637 episode runs to 499 steps!
Solved! Running reward is now 485.5433393758396 and the 638 episode runs to 499 steps!
Solved! Running reward is now 486.2661724070476 and the 639 episode runs to 499 steps!
Solved! Running reward is now 486.95286378669516 and the 640 episode runs to 499 steps!
Solved! Running reward is now 487.60522059736036 and the 641 episode runs to 499 steps!
Solved! Running reward is now 488.2249595674923 and the 642 episode runs to 499 steps!
Solved! Running reward is now 488.81371158911764 and the 643 episode runs to 499 steps!
Solved! Running reward is now 489.3730260096617 and the 644 episode runs to 499 steps!
Solved! Running reward is now 489.9043747091786 and the 645 episode runs to 499 steps!
Solved! Running reward is now 490.4091559737197 and the 646 episode runs to 499 steps!
Solved! Running reward is now 490.8886981750337 and the 647 episode runs to 499 steps!
Solved! Running reward is now 491.344263266282 and the 648 episode runs to 499 steps!
Solved! Running reward is now 491.77705010296785 and the 649 episode runs to 499 steps!
Solved! Running reward is now 492.18819759781945 and the 650 episode runs to 499 steps!
Solved! Running reward is now 492.57878771792844 and the 651 episode runs to 499 steps!
Solved! Running reward is now 492.949848332032 and the 652 episode runs to 499 steps!
Solved! Running reward is now 493.3023559154304 and the 653 episode runs to 499 steps!
Solved! Running reward is now 493.63723811965883 and the 654 episode runs to 499 steps!
Solved! Running reward is now 493.9553762136759 and the 655 episode runs to 499 steps!
Solved! Running reward is now 494.25760740299205 and the 656 episode runs to 499 steps!
Solved! Running reward is now 494.54472703284245 and the 657 episode runs to 499 steps!
Solved! Running reward is now 494.8174906812003 and the 658 episode runs to 499 steps!
Solved! Running reward is now 495.07661614714027 and the 659 episode runs to 499 steps!
Solved! Running reward is now 495.32278533978325 and the 660 episode runs to 499 steps!
Solved! Running reward is now 495.5566460727941 and the 661 episode runs to 499 steps!
Solved! Running reward is now 495.77881376915434 and the 662 episode runs to 499 steps!
Solved! Running reward is now 495.9898730806966 and the 663 episode runs to 499 steps!
Solved! Running reward is now 496.19037942666176 and the 664 episode runs to 499 steps!
Solved! Running reward is now 496.3808604553287 and the 665 episode runs to 499 steps!
Solved! Running reward is now 496.56181743256224 and the 666 episode runs to 499 steps!
Solved! Running reward is now 496.7337265609341 and the 667 episode runs to 499 steps!
Solved! Running reward is now 496.8970402328874 and the 668 episode runs to 499 steps!
Solved! Running reward is now 497.052188221243 and the 669 episode runs to 499 steps!
Solved! Running reward is now 497.1995788101808 and the 670 episode runs to 499 steps!
Solved! Running reward is now 497.33959986967176 and the 671 episode runs to 499 steps!
Solved! Running reward is now 497.47261987618816 and the 672 episode runs to 499 steps!
Solved! Running reward is now 497.5989888823787 and the 673 episode runs to 499 steps!
Solved! Running reward is now 497.71903943825976 and the 674 episode runs to 499 steps!
Solved! Running reward is now 497.83308746634674 and the 675 episode runs to 499 steps!
Solved! Running reward is now 497.9414330930294 and the 676 episode runs to 499 steps!
Solved! Running reward is now 498.0443614383779 and the 677 episode runs to 499 steps!
Solved! Running reward is now 498.142143366459 and the 678 episode runs to 499 steps!
Solved! Running reward is now 498.235036198136 and the 679 episode runs to 499 steps!
Solved! Running reward is now 498.3232843882292 and the 680 episode runs to 499 steps!
Solved! Running reward is now 498.4071201688177 and the 681 episode runs to 499 steps!
Solved! Running reward is now 498.48676416037677 and the 682 episode runs to 499 steps!
Solved! Running reward is now 498.5624259523579 and the 683 episode runs to 499 steps!
Solved! Running reward is now 498.63430465474 and the 684 episode runs to 499 steps!
Solved! Running reward is now 498.702589422003 and the 685 episode runs to 499 steps!
Solved! Running reward is now 498.7674599509028 and the 686 episode runs to 499 steps!
Solved! Running reward is now 498.8290869533576 and the 687 episode runs to 499 steps!
Solved! Running reward is now 498.8876326056897 and the 688 episode runs to 499 steps!
Solved! Running reward is now 498.9432509754052 and the 689 episode runs to 499 steps!
Solved! Running reward is now 498.9960884266349 and the 690 episode runs to 499 steps!
Solved! Running reward is now 499.04628400530316 and the 691 episode runs to 499 steps!
Solved! Running reward is now 499.093969805038 and the 692 episode runs to 499 steps!
Solved! Running reward is now 499.1392713147861 and the 693 episode runs to 499 steps!
Solved! Running reward is now 499.18230774904674 and the 694 episode runs to 499 steps!
Solved! Running reward is now 499.2231923615944 and the 695 episode runs to 499 steps!
Solved! Running reward is now 499.2620327435146 and the 696 episode runs to 499 steps!
Solved! Running reward is now 499.2989311063389 and the 697 episode runs to 499 steps!
Solved! Running reward is now 499.33398455102196 and the 698 episode runs to 499 steps!
Solved! Running reward is now 499.3672853234708 and the 699 episode runs to 499 steps!
Episode 700	done at step:   499	withAverage reward: 499.40
Solved! Running reward is now 499.39892105729723 and the 700 episode runs to 499 steps!
Solved! Running reward is now 499.42897500443235 and the 701 episode runs to 499 steps!
Solved! Running reward is now 499.45752625421073 and the 702 episode runs to 499 steps!
Solved! Running reward is now 499.48464994150015 and the 703 episode runs to 499 steps!
Solved! Running reward is now 499.5104174444251 and the 704 episode runs to 499 steps!
Solved! Running reward is now 499.5348965722038 and the 705 episode runs to 499 steps!
Solved! Running reward is now 499.5581517435936 and the 706 episode runs to 499 steps!
Solved! Running reward is now 499.5802441564139 and the 707 episode runs to 499 steps!
Solved! Running reward is now 499.6012319485932 and the 708 episode runs to 499 steps!
Solved! Running reward is now 499.6211703511635 and the 709 episode runs to 499 steps!
Solved! Running reward is now 499.6401118336053 and the 710 episode runs to 499 steps!
Solved! Running reward is now 499.65810624192505 and the 711 episode runs to 499 steps!
Solved! Running reward is now 499.6752009298288 and the 712 episode runs to 499 steps!
Solved! Running reward is now 499.69144088333735 and the 713 episode runs to 499 steps!
Solved! Running reward is now 499.70686883917045 and the 714 episode runs to 499 steps!
Solved! Running reward is now 499.7215253972119 and the 715 episode runs to 499 steps!
Solved! Running reward is now 499.7354491273513 and the 716 episode runs to 499 steps!
Solved! Running reward is now 499.7486766709837 and the 717 episode runs to 499 steps!
Solved! Running reward is now 499.76124283743445 and the 718 episode runs to 499 steps!
Solved! Running reward is now 499.7731806955627 and the 719 episode runs to 499 steps!
Solved! Running reward is now 499.78452166078455 and the 720 episode runs to 499 steps!
Solved! Running reward is now 499.7952955777453 and the 721 episode runs to 499 steps!
Solved! Running reward is now 499.80553079885806 and the 722 episode runs to 499 steps!
Solved! Running reward is now 499.81525425891516 and the 723 episode runs to 499 steps!
Solved! Running reward is now 499.8244915459694 and the 724 episode runs to 499 steps!
Solved! Running reward is now 499.8332669686709 and the 725 episode runs to 499 steps!
Solved! Running reward is now 499.8416036202373 and the 726 episode runs to 499 steps!
Solved! Running reward is now 499.84952343922544 and the 727 episode runs to 499 steps!
Solved! Running reward is now 499.85704726726414 and the 728 episode runs to 499 steps!
Solved! Running reward is now 499.8641949039009 and the 729 episode runs to 499 steps!
Solved! Running reward is now 499.8709851587058 and the 730 episode runs to 499 steps!
Solved! Running reward is now 499.87743590077054 and the 731 episode runs to 499 steps!
Solved! Running reward is now 499.883564105732 and the 732 episode runs to 499 steps!
Solved! Running reward is now 499.88938590044535 and the 733 episode runs to 499 steps!
Solved! Running reward is now 499.8949166054231 and the 734 episode runs to 499 steps!
Solved! Running reward is now 499.9001707751519 and the 735 episode runs to 499 steps!
Solved! Running reward is now 499.9051622363943 and the 736 episode runs to 499 steps!
Solved! Running reward is now 499.90990412457455 and the 737 episode runs to 499 steps!
Solved! Running reward is now 499.9144089183458 and the 738 episode runs to 499 steps!
Solved! Running reward is now 499.9186884724285 and the 739 episode runs to 499 steps!
Solved! Running reward is now 499.92275404880706 and the 740 episode runs to 499 steps!
Solved! Running reward is now 499.9266163463667 and the 741 episode runs to 499 steps!
Solved! Running reward is now 499.9302855290483 and the 742 episode runs to 499 steps!
Solved! Running reward is now 499.9337712525959 and the 743 episode runs to 499 steps!
Solved! Running reward is now 499.9370826899661 and the 744 episode runs to 499 steps!
Solved! Running reward is now 499.94022855546774 and the 745 episode runs to 499 steps!
Solved! Running reward is now 499.9432171276943 and the 746 episode runs to 499 steps!
Solved! Running reward is now 499.9460562713096 and the 747 episode runs to 499 steps!
Solved! Running reward is now 499.9487534577441 and the 748 episode runs to 499 steps!
Solved! Running reward is now 499.9513157848569 and the 749 episode runs to 499 steps!
Solved! Running reward is now 499.95374999561403 and the 750 episode runs to 499 steps!
Solved! Running reward is now 499.9560624958333 and the 751 episode runs to 499 steps!
Solved! Running reward is now 499.9582593710416 and the 752 episode runs to 499 steps!
Solved! Running reward is now 499.9603464024895 and the 753 episode runs to 499 steps!
Solved! Running reward is now 499.962329082365 and the 754 episode runs to 499 steps!
Solved! Running reward is now 499.96421262824674 and the 755 episode runs to 499 steps!
Solved! Running reward is now 499.9660019968344 and the 756 episode runs to 499 steps!
Solved! Running reward is now 499.96770189699265 and the 757 episode runs to 499 steps!
Solved! Running reward is now 499.969316802143 and the 758 episode runs to 499 steps!
Solved! Running reward is now 499.97085096203585 and the 759 episode runs to 499 steps!
Solved! Running reward is now 499.97230841393406 and the 760 episode runs to 499 steps!
Solved! Running reward is now 499.9736929932373 and the 761 episode runs to 499 steps!
Solved! Running reward is now 499.97500834357544 and the 762 episode runs to 499 steps!
Solved! Running reward is now 499.97625792639667 and the 763 episode runs to 499 steps!
Solved! Running reward is now 499.9774450300768 and the 764 episode runs to 499 steps!
Solved! Running reward is now 499.9785727785729 and the 765 episode runs to 499 steps!
Solved! Running reward is now 499.9796441396443 and the 766 episode runs to 499 steps!
Solved! Running reward is now 499.98066193266203 and the 767 episode runs to 499 steps!
Solved! Running reward is now 499.9816288360289 and the 768 episode runs to 499 steps!
Solved! Running reward is now 499.9825473942274 and the 769 episode runs to 499 steps!
Solved! Running reward is now 499.983420024516 and the 770 episode runs to 499 steps!
Solved! Running reward is now 499.9842490232902 and the 771 episode runs to 499 steps!
Solved! Running reward is now 499.9850365721257 and the 772 episode runs to 499 steps!
Solved! Running reward is now 499.9857847435194 and the 773 episode runs to 499 steps!
Solved! Running reward is now 499.9864955063434 and the 774 episode runs to 499 steps!
Solved! Running reward is now 499.9871707310262 and the 775 episode runs to 499 steps!
Solved! Running reward is now 499.9878121944749 and the 776 episode runs to 499 steps!
Solved! Running reward is now 499.9884215847511 and the 777 episode runs to 499 steps!
Solved! Running reward is now 499.98900050551356 and the 778 episode runs to 499 steps!
Solved! Running reward is now 499.9895504802379 and the 779 episode runs to 499 steps!
Solved! Running reward is now 499.99007295622596 and the 780 episode runs to 499 steps!
Solved! Running reward is now 499.99056930841465 and the 781 episode runs to 499 steps!
Solved! Running reward is now 499.99104084299387 and the 782 episode runs to 499 steps!
Solved! Running reward is now 499.99148880084414 and the 783 episode runs to 499 steps!
Solved! Running reward is now 499.9919143608019 and the 784 episode runs to 499 steps!
Solved! Running reward is now 499.9923186427618 and the 785 episode runs to 499 steps!
Solved! Running reward is now 499.9927027106237 and the 786 episode runs to 499 steps!
Solved! Running reward is now 499.9930675750925 and the 787 episode runs to 499 steps!
Solved! Running reward is now 499.9934141963378 and the 788 episode runs to 499 steps!
Solved! Running reward is now 499.9937434865209 and the 789 episode runs to 499 steps!
Solved! Running reward is now 499.9940563121948 and the 790 episode runs to 499 steps!
Solved! Running reward is now 499.99435349658506 and the 791 episode runs to 499 steps!
Solved! Running reward is now 499.99463582175576 and the 792 episode runs to 499 steps!
Solved! Running reward is now 499.99490403066795 and the 793 episode runs to 499 steps!
Solved! Running reward is now 499.99515882913454 and the 794 episode runs to 499 steps!
Solved! Running reward is now 499.9954008876778 and the 795 episode runs to 499 steps!
Solved! Running reward is now 499.9956308432939 and the 796 episode runs to 499 steps!
Solved! Running reward is now 499.99584930112917 and the 797 episode runs to 499 steps!
Solved! Running reward is now 499.9960568360727 and the 798 episode runs to 499 steps!
Solved! Running reward is now 499.996253994269 and the 799 episode runs to 499 steps!
Episode 800	done at step:   499	withAverage reward: 500.00
Solved! Running reward is now 499.99644129455555 and the 800 episode runs to 499 steps!
Solved! Running reward is now 499.99661922982773 and the 801 episode runs to 499 steps!
Solved! Running reward is now 499.99678826833633 and the 802 episode runs to 499 steps!
Solved! Running reward is now 499.9969488549195 and the 803 episode runs to 499 steps!
Solved! Running reward is now 499.9971014121735 and the 804 episode runs to 499 steps!
Solved! Running reward is now 499.9972463415648 and the 805 episode runs to 499 steps!
Solved! Running reward is now 499.9973840244865 and the 806 episode runs to 499 steps!
Solved! Running reward is now 499.9975148232622 and the 807 episode runs to 499 steps!
Solved! Running reward is now 499.99763908209906 and the 808 episode runs to 499 steps!
Solved! Running reward is now 499.9977571279941 and the 809 episode runs to 499 steps!
Solved! Running reward is now 499.99786927159437 and the 810 episode runs to 499 steps!
Solved! Running reward is now 499.99797580801464 and the 811 episode runs to 499 steps!
Solved! Running reward is now 499.99807701761387 and the 812 episode runs to 499 steps!
Solved! Running reward is now 499.9981731667331 and the 813 episode runs to 499 steps!
Solved! Running reward is now 499.99826450839646 and the 814 episode runs to 499 steps!
Solved! Running reward is now 499.9983512829766 and the 815 episode runs to 499 steps!
Solved! Running reward is now 499.99843371882776 and the 816 episode runs to 499 steps!
Solved! Running reward is now 499.99851203288637 and the 817 episode runs to 499 steps!
Solved! Running reward is now 499.998586431242 and the 818 episode runs to 499 steps!
Solved! Running reward is now 499.99865710967987 and the 819 episode runs to 499 steps!
Solved! Running reward is now 499.99872425419585 and the 820 episode runs to 499 steps!
Solved! Running reward is now 499.998788041486 and the 821 episode runs to 499 steps!
Solved! Running reward is now 499.9988486394117 and the 822 episode runs to 499 steps!
Solved! Running reward is now 499.99890620744105 and the 823 episode runs to 499 steps!
Solved! Running reward is now 499.99896089706897 and the 824 episode runs to 499 steps!
Solved! Running reward is now 499.9990128522155 and the 825 episode runs to 499 steps!
Solved! Running reward is now 499.99906220960474 and the 826 episode runs to 499 steps!
Solved! Running reward is now 499.9991090991245 and the 827 episode runs to 499 steps!
Solved! Running reward is now 499.99915364416825 and the 828 episode runs to 499 steps!
Solved! Running reward is now 499.9991959619598 and the 829 episode runs to 499 steps!
Solved! Running reward is now 499.9992361638618 and the 830 episode runs to 499 steps!
Solved! Running reward is now 499.99927435566866 and the 831 episode runs to 499 steps!
Solved! Running reward is now 499.99931063788523 and the 832 episode runs to 499 steps!
Solved! Running reward is now 499.9993451059909 and the 833 episode runs to 499 steps!
Solved! Running reward is now 499.99937785069136 and the 834 episode runs to 499 steps!
Solved! Running reward is now 499.9994089581568 and the 835 episode runs to 499 steps!
Solved! Running reward is now 499.9994385102489 and the 836 episode runs to 499 steps!
Solved! Running reward is now 499.99946658473647 and the 837 episode runs to 499 steps!
Solved! Running reward is now 499.9994932554996 and the 838 episode runs to 499 steps!
Solved! Running reward is now 499.9995185927246 and the 839 episode runs to 499 steps!
Solved! Running reward is now 499.99954266308833 and the 840 episode runs to 499 steps!
Solved! Running reward is now 499.9995655299339 and the 841 episode runs to 499 steps!
Solved! Running reward is now 499.99958725343714 and the 842 episode runs to 499 steps!
Solved! Running reward is now 499.9996078907653 and the 843 episode runs to 499 steps!
Solved! Running reward is now 499.999627496227 and the 844 episode runs to 499 steps!
Solved! Running reward is now 499.9996461214156 and the 845 episode runs to 499 steps!
Solved! Running reward is now 499.9996638153448 and the 846 episode runs to 499 steps!
Solved! Running reward is now 499.99968062457754 and the 847 episode runs to 499 steps!
Solved! Running reward is now 499.99969659334863 and the 848 episode runs to 499 steps!
Solved! Running reward is now 499.9997117636812 and the 849 episode runs to 499 steps!
Solved! Running reward is now 499.99972617549713 and the 850 episode runs to 499 steps!
Solved! Running reward is now 499.9997398667223 and the 851 episode runs to 499 steps!
Solved! Running reward is now 499.99975287338617 and the 852 episode runs to 499 steps!
Solved! Running reward is now 499.99976522971684 and the 853 episode runs to 499 steps!
Solved! Running reward is now 499.999776968231 and the 854 episode runs to 499 steps!
Solved! Running reward is now 499.9997881198194 and the 855 episode runs to 499 steps!
Solved! Running reward is now 499.9997987138284 and the 856 episode runs to 499 steps!
Solved! Running reward is now 499.999808778137 and the 857 episode runs to 499 steps!
Solved! Running reward is now 499.9998183392301 and the 858 episode runs to 499 steps!
Solved! Running reward is now 499.9998274222686 and the 859 episode runs to 499 steps!
Solved! Running reward is now 499.99983605115517 and the 860 episode runs to 499 steps!
Solved! Running reward is now 499.9998442485974 and the 861 episode runs to 499 steps!
Solved! Running reward is now 499.9998520361675 and the 862 episode runs to 499 steps!
Solved! Running reward is now 499.9998594343591 and the 863 episode runs to 499 steps!
Solved! Running reward is now 499.99986646264114 and the 864 episode runs to 499 steps!
Solved! Running reward is now 499.9998731395091 and the 865 episode runs to 499 steps!
Solved! Running reward is now 499.99987948253363 and the 866 episode runs to 499 steps!
Solved! Running reward is now 499.9998855084069 and the 867 episode runs to 499 steps!
Solved! Running reward is now 499.99989123298656 and the 868 episode runs to 499 steps!
Solved! Running reward is now 499.9998966713372 and the 869 episode runs to 499 steps!
Solved! Running reward is now 499.9999018377703 and the 870 episode runs to 499 steps!
Solved! Running reward is now 499.9999067458818 and the 871 episode runs to 499 steps!
Solved! Running reward is now 499.99991140858765 and the 872 episode runs to 499 steps!
Solved! Running reward is now 499.99991583815824 and the 873 episode runs to 499 steps!
Solved! Running reward is now 499.99992004625034 and the 874 episode runs to 499 steps!
Solved! Running reward is now 499.9999240439378 and the 875 episode runs to 499 steps!
Solved! Running reward is now 499.9999278417409 and the 876 episode runs to 499 steps!
Solved! Running reward is now 499.99993144965384 and the 877 episode runs to 499 steps!
Solved! Running reward is now 499.99993487717114 and the 878 episode runs to 499 steps!
Solved! Running reward is now 499.9999381333126 and the 879 episode runs to 499 steps!
Solved! Running reward is now 499.9999412266469 and the 880 episode runs to 499 steps!
Solved! Running reward is now 499.99994416531456 and the 881 episode runs to 499 steps!
Solved! Running reward is now 499.9999469570488 and the 882 episode runs to 499 steps!
Solved! Running reward is now 499.99994960919634 and the 883 episode runs to 499 steps!
Solved! Running reward is now 499.9999521287365 and the 884 episode runs to 499 steps!
Solved! Running reward is now 499.9999545222996 and the 885 episode runs to 499 steps!
Solved! Running reward is now 499.9999567961846 and the 886 episode runs to 499 steps!
Solved! Running reward is now 499.9999589563754 and the 887 episode runs to 499 steps!
Solved! Running reward is now 499.9999610085566 and the 888 episode runs to 499 steps!
Solved! Running reward is now 499.9999629581288 and the 889 episode runs to 499 steps!
Solved! Running reward is now 499.9999648102223 and the 890 episode runs to 499 steps!
Solved! Running reward is now 499.99996656971115 and the 891 episode runs to 499 steps!
Solved! Running reward is now 499.9999682412256 and the 892 episode runs to 499 steps!
Solved! Running reward is now 499.9999698291643 and the 893 episode runs to 499 steps!
Solved! Running reward is now 499.99997133770603 and the 894 episode runs to 499 steps!
Solved! Running reward is now 499.9999727708207 and the 895 episode runs to 499 steps!
Solved! Running reward is now 499.99997413227965 and the 896 episode runs to 499 steps!
Solved! Running reward is now 499.99997542566564 and the 897 episode runs to 499 steps!
Solved! Running reward is now 499.99997665438235 and the 898 episode runs to 499 steps!
Solved! Running reward is now 499.9999778216632 and the 899 episode runs to 499 steps!
Episode 900	done at step:   499	withAverage reward: 500.00
Solved! Running reward is now 499.99997893058 and the 900 episode runs to 499 steps!
Solved! Running reward is now 499.999979984051 and the 901 episode runs to 499 steps!
Solved! Running reward is now 499.99998098484843 and the 902 episode runs to 499 steps!
Solved! Running reward is now 480.549981935606 and the 903 episode runs to 110 steps!
Solved! Running reward is now 475.38385044777306 and the 924 episode runs to 499 steps!
Solved! Running reward is now 476.6146579253844 and the 925 episode runs to 499 steps!
Solved! Running reward is now 477.78392502911515 and the 926 episode runs to 499 steps!
Solved! Running reward is now 478.8947287776594 and the 927 episode runs to 499 steps!
Solved! Running reward is now 479.9499923387764 and the 928 episode runs to 499 steps!
Solved! Running reward is now 480.95249272183753 and the 929 episode runs to 499 steps!
Solved! Running reward is now 481.90486808574565 and the 930 episode runs to 499 steps!
Solved! Running reward is now 482.80962468145833 and the 931 episode runs to 499 steps!
Solved! Running reward is now 483.6691434473854 and the 932 episode runs to 499 steps!
Solved! Running reward is now 484.4856862750161 and the 933 episode runs to 499 steps!
Solved! Running reward is now 485.2614019612653 and the 934 episode runs to 499 steps!
Solved! Running reward is now 485.998331863202 and the 935 episode runs to 499 steps!
Solved! Running reward is now 486.6984152700419 and the 936 episode runs to 499 steps!
Solved! Running reward is now 487.3634945065398 and the 937 episode runs to 499 steps!
Solved! Running reward is now 487.99531978121274 and the 938 episode runs to 499 steps!
Solved! Running reward is now 488.5955537921521 and the 939 episode runs to 499 steps!
Solved! Running reward is now 489.16577610254444 and the 940 episode runs to 499 steps!
Solved! Running reward is now 489.7074872974172 and the 941 episode runs to 499 steps!
Solved! Running reward is now 490.2221129325463 and the 942 episode runs to 499 steps!
Solved! Running reward is now 490.7110072859189 and the 943 episode runs to 499 steps!
Solved! Running reward is now 491.175456921623 and the 944 episode runs to 499 steps!
Solved! Running reward is now 491.6166840755418 and the 945 episode runs to 499 steps!
Solved! Running reward is now 492.0358498717647 and the 946 episode runs to 499 steps!
Solved! Running reward is now 492.4340573781764 and the 947 episode runs to 499 steps!
Solved! Running reward is now 492.81235450926755 and the 948 episode runs to 499 steps!
Solved! Running reward is now 493.17173678380414 and the 949 episode runs to 499 steps!
Solved! Running reward is now 493.51314994461393 and the 950 episode runs to 499 steps!
Solved! Running reward is now 493.8374924473832 and the 951 episode runs to 499 steps!
Solved! Running reward is now 494.145617825014 and the 952 episode runs to 499 steps!
Solved! Running reward is now 494.4383369337633 and the 953 episode runs to 499 steps!
Solved! Running reward is now 494.7164200870751 and the 954 episode runs to 499 steps!
Solved! Running reward is now 494.9805990827213 and the 955 episode runs to 499 steps!
Solved! Running reward is now 495.23156912858525 and the 956 episode runs to 499 steps!
Solved! Running reward is now 495.469990672156 and the 957 episode runs to 499 steps!
Solved! Running reward is now 495.69649113854814 and the 958 episode runs to 499 steps!
Solved! Running reward is now 495.9116665816207 and the 959 episode runs to 499 steps!
Solved! Running reward is now 496.1160832525396 and the 960 episode runs to 499 steps!
Solved! Running reward is now 496.3102790899126 and the 961 episode runs to 499 steps!
Solved! Running reward is now 496.49476513541697 and the 962 episode runs to 499 steps!
Solved! Running reward is now 496.6700268786461 and the 963 episode runs to 499 steps!
Solved! Running reward is now 496.8365255347138 and the 964 episode runs to 499 steps!
Solved! Running reward is now 496.9946992579781 and the 965 episode runs to 499 steps!
Solved! Running reward is now 497.14496429507915 and the 966 episode runs to 499 steps!
Solved! Running reward is now 497.2877160803252 and the 967 episode runs to 499 steps!
Solved! Running reward is now 497.4233302763089 and the 968 episode runs to 499 steps!
Solved! Running reward is now 497.5521637624934 and the 969 episode runs to 499 steps!
Solved! Running reward is now 497.67455557436875 and the 970 episode runs to 499 steps!
Solved! Running reward is now 497.7908277956503 and the 971 episode runs to 499 steps!
Solved! Running reward is now 497.9012864058677 and the 972 episode runs to 499 steps!
Solved! Running reward is now 498.00622208557434 and the 973 episode runs to 499 steps!
Solved! Running reward is now 498.1059109812956 and the 974 episode runs to 499 steps!
Solved! Running reward is now 498.2006154322308 and the 975 episode runs to 499 steps!
Solved! Running reward is now 498.29058466061923 and the 976 episode runs to 499 steps!
Solved! Running reward is now 498.37605542758826 and the 977 episode runs to 499 steps!
Solved! Running reward is now 498.4572526562088 and the 978 episode runs to 499 steps!
Solved! Running reward is now 498.5343900233984 and the 979 episode runs to 499 steps!
Solved! Running reward is now 498.60767052222843 and the 980 episode runs to 499 steps!
Solved! Running reward is now 498.677286996117 and the 981 episode runs to 499 steps!
Solved! Running reward is now 498.74342264631116 and the 982 episode runs to 499 steps!
Solved! Running reward is now 498.80625151399556 and the 983 episode runs to 499 steps!
Solved! Running reward is now 498.86593893829576 and the 984 episode runs to 499 steps!
Solved! Running reward is now 498.92264199138094 and the 985 episode runs to 499 steps!
Solved! Running reward is now 498.9765098918119 and the 986 episode runs to 499 steps!
Solved! Running reward is now 499.02768439722126 and the 987 episode runs to 499 steps!
Solved! Running reward is now 499.07630017736017 and the 988 episode runs to 499 steps!
Solved! Running reward is now 499.1224851684921 and the 989 episode runs to 499 steps!
Solved! Running reward is now 499.1663609100675 and the 990 episode runs to 499 steps!
Solved! Running reward is now 499.2080428645641 and the 991 episode runs to 499 steps!
Solved! Running reward is now 499.24764072133587 and the 992 episode runs to 499 steps!
Solved! Running reward is now 499.28525868526907 and the 993 episode runs to 499 steps!
Solved! Running reward is now 499.32099575100557 and the 994 episode runs to 499 steps!
Solved! Running reward is now 499.3549459634553 and the 995 episode runs to 499 steps!
Solved! Running reward is now 499.3871986652825 and the 996 episode runs to 499 steps!
Solved! Running reward is now 499.4178387320183 and the 997 episode runs to 499 steps!
Solved! Running reward is now 499.4469467954174 and the 998 episode runs to 499 steps!
Solved! Running reward is now 499.4745994556465 and the 999 episode runs to 499 steps!
